0 info it worked if it ends with ok
1 verbose cli [ '/usr/local/bin/node', '/usr/local/bin/npm', 'run', 'build' ]
2 info using npm@4.1.2
3 info using node@v7.4.0
4 verbose run-script [ 'prebuild', 'build', 'postbuild' ]
5 info lifecycle mern@1.0.0~prebuild: mern@1.0.0
6 silly lifecycle mern@1.0.0~prebuild: no script for prebuild, continuing
7 info lifecycle mern@1.0.0~build: mern@1.0.0
8 verbose lifecycle mern@1.0.0~build: unsafe-perm in lifecycle true
9 verbose lifecycle mern@1.0.0~build: PATH: /usr/local/lib/node_modules/npm/bin/node-gyp-bin:/Users/Sangfroid/Documents/workspace/mern/node_modules/.bin:/usr/local/bin:/usr/bin:/bin:/usr/sbin:/sbin:/usr/local/mongodb/bin
10 verbose lifecycle mern@1.0.0~build: CWD: /Users/Sangfroid/Documents/workspace/mern
11 silly lifecycle mern@1.0.0~build: Args: [ '-c',
11 silly lifecycle   'babel server --out-dir build --presets=es2015 && webpack' ]
12 silly lifecycle mern@1.0.0~build: Returned: code: 1  signal: null
13 info lifecycle mern@1.0.0~build: Failed to exec build script
14 verbose stack Error: mern@1.0.0 build: `babel server --out-dir build --presets=es2015 && webpack`
14 verbose stack Exit status 1
14 verbose stack     at EventEmitter.<anonymous> (/usr/local/lib/node_modules/npm/lib/utils/lifecycle.js:279:16)
14 verbose stack     at emitTwo (events.js:106:13)
14 verbose stack     at EventEmitter.emit (events.js:191:7)
14 verbose stack     at ChildProcess.<anonymous> (/usr/local/lib/node_modules/npm/lib/utils/spawn.js:40:14)
14 verbose stack     at emitTwo (events.js:106:13)
14 verbose stack     at ChildProcess.emit (events.js:191:7)
14 verbose stack     at maybeClose (internal/child_process.js:885:16)
14 verbose stack     at Process.ChildProcess._handle.onexit (internal/child_process.js:226:5)
15 verbose pkgid mern@1.0.0
16 verbose cwd /Users/Sangfroid/Documents/workspace/mern
17 error Darwin 16.3.0
18 error argv "/usr/local/bin/node" "/usr/local/bin/npm" "run" "build"
19 error node v7.4.0
20 error npm  v4.1.2
21 error code ELIFECYCLE
22 error mern@1.0.0 build: `babel server --out-dir build --presets=es2015 && webpack`
22 error Exit status 1
23 error Failed at the mern@1.0.0 build script 'babel server --out-dir build --presets=es2015 && webpack'.
23 error Make sure you have the latest version of node.js and npm installed.
23 error If you do, this is most likely a problem with the mern package,
23 error not with npm itself.
23 error Tell the author that this fails on your system:
23 error     babel server --out-dir build --presets=es2015 && webpack
23 error You can get information on how to open an issue for this project with:
23 error     npm bugs mern
23 error Or if that isn't available, you can get their info via:
23 error     npm owner ls mern
23 error There is likely additional logging output above.
24 verbose exit [ 1, true ]
